0 info it worked if it ends with ok
1 verbose cli [ '/home/gul/.nvm/versions/node/v7.7.4/bin/node',
1 verbose cli   '/home/gul/.nvm/versions/node/v7.7.4/bin/npm',
1 verbose cli   'start' ]
2 info using npm@4.1.2
3 info using node@v7.7.4
4 verbose stack Error: Failed to parse json
4 verbose stack Unexpected token 't' at 8:13
4 verbose stack     "tsc:w":tsc -w",
4 verbose stack             ^
4 verbose stack     at parseError (/home/gul/.nvm/versions/node/v7.7.4/lib/node_modules/npm/node_modules/read-package-json/read-json.js:390:11)
4 verbose stack     at parseJson (/home/gul/.nvm/versions/node/v7.7.4/lib/node_modules/npm/node_modules/read-package-json/read-json.js:79:23)
4 verbose stack     at /home/gul/.nvm/versions/node/v7.7.4/lib/node_modules/npm/node_modules/read-package-json/read-json.js:48:5
4 verbose stack     at /home/gul/.nvm/versions/node/v7.7.4/lib/node_modules/npm/node_modules/graceful-fs/graceful-fs.js:78:16
4 verbose stack     at tryToString (fs.js:449:3)
4 verbose stack     at FSReqWrap.readFileAfterClose [as oncomplete] (fs.js:436:12)
5 verbose cwd /home/gul/Downloads/Uma/Ang2
6 error Linux 3.11.0-26-generic
7 error argv "/home/gul/.nvm/versions/node/v7.7.4/bin/node" "/home/gul/.nvm/versions/node/v7.7.4/bin/npm" "start"
8 error node v7.7.4
9 error npm  v4.1.2
10 error file /home/gul/Downloads/Uma/Ang2/package.json
11 error code EJSONPARSE
12 error Failed to parse json
12 error Unexpected token 't' at 8:13
12 error     "tsc:w":tsc -w",
12 error             ^
13 error File: /home/gul/Downloads/Uma/Ang2/package.json
14 error Failed to parse package.json data.
14 error package.json must be actual JSON, not just JavaScript.
14 error
14 error This is not a bug in npm.
14 error Tell the package author to fix their package.json file. JSON.parse
15 verbose exit [ 1, true ]
